Running with gitlab-runner 14.10.1/1.6.1 (029651c8)
  on ANKA_RUNNER 161fa1c3
Preparing the "anka" executor
Opening a connection to the Anka Cloud Controller: https://controller.green.us-west-2.apple-orchard.net:443
Starting Anka VM using:
  - VM Template UUID: 4e82f4f5-40db-4bd4-93d1-81ec458d4325
  - VM Template Tag Name: v2
Please be patient...
You can check the status of starting your Instance on the Anka Cloud Controller: https://controller.green.us-west-2.apple-orchard.net:443/#/instances
Verifying connectivity to the VM: build_stack_2025.06_arm64-1763941193582014000 (b7a86c60-6ee7-40ec-a72e-9348a9e88d08) | Controller Instance ID: a51875b9-9375-4d21-74d6-46b0841b9aa7 | Host: 10.2.187.206 | Port: 10000 
VM "build_stack_2025.06_arm64-1763941193582014000" (b7a86c60-6ee7-40ec-a72e-9348a9e88d08) / Controller Instance ID a51875b9-9375-4d21-74d6-46b0841b9aa7 running on Node ip-10-2-187-206.us-west-2.compute.internal (10.2.187.206), is ready for work (10.2.187.206:10000)
Preparing environment
Running on ip-192-168-64-24.us-west-2.compute.internal via ip-10-2-128-202.us-west-2.compute.internal...
Getting source from Git repository
$ pre-clone
[23:40:25]: Cloning repository...
Fetching changes...
Initialized empty Git repository in /Users/ionic-cloud-team/builds/blakelystaton-ui/krittics-app/.git/
Created fresh repository.
Checking out 46382555 as main...
Updating/initializing submodules...
$ post-clone
[23:40:27]: Cloning complete...
Restoring cache
Not downloading cache 2032fe53/node-cache-stack-package-ios-2025.06-arm64.zip due to policy
Executing "step_script" stage of the job script
$ pre-build
[23:40:27]: Building project....
$ fetch-updates || true
Checking for build process updates...
$ build-ios
[23:40:31]: ---------------------------------
[23:40:31]: --- Step: add_extra_platforms ---
[23:40:31]: ---------------------------------
[23:40:31]: Setting '[:web]' as extra SupportedPlatforms
/Users/ionic-cloud-team/builds/blakelystaton-ui/krittics-app/fastlane/outsystems/errors/detectors/pdm_plugins.rb:8: warning: character class has '-' without escape
/Users/ionic-cloud-team/builds/blakelystaton-ui/krittics-app/fastlane/outsystems/errors/detectors/pdm_plugins.rb:15: warning: character class has '-' without escape
[23:40:31]: ------------------------------
[23:40:31]: --- Step: default_platform ---
[23:40:31]: ------------------------------
[23:40:31]: Driving the lane 'ios build_capacitor' üöÄ
[23:40:31]: ---------------------------------
[23:40:31]: --- Step: prepare_environment ---
[23:40:31]: ---------------------------------
[23:40:31]: Setting default environment variables to tidy up logs. These can be overridden by setting them in Appflow.
[23:40:31]: 
[23:40:31]: No changes needed - logs are already tidy! üßπ
[23:40:31]: -------------------------
[23:40:31]: --- Step: sentry_init ---
[23:40:31]: -------------------------
[23:40:31]: ----------------------------
[23:40:31]: --- Step: begin_building ---
[23:40:31]: ----------------------------
[23:40:31]: Began building @ 2025-11-23T23:40:31
[23:40:32]: ---------------------------
[23:40:32]: --- Step: build_summary ---
[23:40:32]: ---------------------------

+---------------------------------------------------+
|                   Build Summary                   |
+---------------------+-----------------------------+
| Runners Revision    | 631c60c                     |
| Job ID              | 10586324                    |
| Node.js version     | v20.19.3                    |
| Cordova CLI version | 12.0.0 (cordova-lib@12.0.2) |
| npm version         | 10.8.2                      |
| yarn version        | 1.22.19                     |
| macOS version       | 15.4                        |
| Xcode version       | Xcode 16.4                  |
|                     | Build version 16F6          |
| Fastlane version    | fastlane (2.228.0)          |
+---------------------+-----------------------------+

[23:40:34]: -----------------------------
[23:40:34]: --- Step: create_keychain ---
[23:40:34]: -----------------------------
[23:40:35]: $ security list-keychains -d user
[23:40:35]: ‚ñ∏ "/Users/ionic-cloud-team/Library/Keychains/login.keychain-db"
[23:40:35]: ------------------------------------------
[23:40:35]: --- Step: get_ios_credentials_from_api ---
[23:40:35]: ------------------------------------------
[23:40:35]: Fetching certificate and profile(s) from Ionic Appflow
[23:40:35]: ---------------------------------
[23:40:35]: --- Step: set_ios_credentials ---
[23:40:35]: ---------------------------------
[23:40:35]: Installing provisioning profile...
[23:40:37]: /Users/ionic-cloud-team/builds/blakelystaton-ui/krittics-app/ed996f30-63b0-4adf-a445-f6a5f985b9f0.mobileprovision

+---------------------------------------------------------------------+
|                        Installed Certificate                        |
+-------------------+-------------------------------------------------+
| User ID           | 9SA2W557K5                                      |
| Common Name       | Apple Distribution: Staton Blakely (9SA2W557K5) |
| Organization Unit | 9SA2W557K5                                      |
| Organization      | Staton Blakely                                  |
| Country           | US                                              |
+-------------------+-------------------------------------------------+

[23:40:37]: --------------------------------
[23:40:37]: --- Step: import_certificate ---
[23:40:37]: --------------------------------
[23:40:37]: Setting key partition list... (this can take a minute if there are a lot of keys installed)
[23:40:38]: ---------------------------
[23:40:38]: --- Step: set_ionic_cli ---
[23:40:38]: ---------------------------
[23:40:38]: Preinstalled @ionic/cli compatible with project `angular`
[23:40:38]: ------------------------------------
[23:40:38]: --- Step: detect_package_manager ---
[23:40:38]: ------------------------------------
[23:40:38]: Detecting package manager
[23:40:38]: Defaulting to npm
[23:40:38]: ---------------------------------
[23:40:38]: --- Step: add_git_credentials ---
[23:40:38]: ---------------------------------
[23:40:38]: Writing git-credentials files
[23:40:38]: git-credentials successfully added to project
[23:40:38]: --------------------------------
[23:40:38]: --- Step: get_appflow_config ---
[23:40:38]: --------------------------------
[23:40:38]: Checking for appflow.config.json
[23:40:38]: Appflow config not detected
[23:40:38]: --------------------------------
[23:40:38]: --- Step: dependency_install ---
[23:40:38]: --------------------------------
[23:40:38]: Installing Dependencies (in /Users/ionic-cloud-team/builds/blakelystaton-ui/krittics-app)
[23:40:38]: $ npm ci --quiet 
[23:40:39]: ‚ñ∏ npm warn ERESOLVE overriding peer dependency
[23:40:39]: ‚ñ∏ npm warn While resolving: babel-preset-expo@54.0.7
[23:40:39]: ‚ñ∏ npm warn Found: react-refresh@0.14.2
[23:40:39]: ‚ñ∏ npm warn node_modules/babel-preset-expo/node_modules/react-refresh
[23:40:39]: ‚ñ∏ npm warn   react-refresh@"^0.14.0" from @react-native/babel-preset@0.81.5
[23:40:39]: ‚ñ∏ npm warn   node_modules/babel-preset-expo/node_modules/@react-native/babel-preset
[23:40:39]: ‚ñ∏ npm warn     @react-native/babel-preset@"0.81.5" from babel-preset-expo@54.0.7
[23:40:39]: ‚ñ∏ npm warn     node_modules/babel-preset-expo
[23:40:39]: ‚ñ∏ npm warn
[23:40:39]: ‚ñ∏ npm warn Could not resolve dependency:
[23:40:39]: ‚ñ∏ npm warn peer react-refresh@">=0.14.0 <1.0.0" from babel-preset-expo@54.0.7
[23:40:39]: ‚ñ∏ npm warn node_modules/babel-preset-expo
[23:40:39]: ‚ñ∏ npm warn   babel-preset-expo@"~54.0.7" from expo@54.0.25
[23:40:39]: ‚ñ∏ npm warn   node_modules/expo
[23:40:39]: ‚ñ∏ npm warn EBADENGINE Unsupported engine {
[23:40:39]: ‚ñ∏ npm warn EBADENGINE   package: '@react-native/debugger-frontend@0.81.5',
[23:40:39]: ‚ñ∏ npm warn EBADENGINE   required: { node: '>= 20.19.4' },
[23:40:39]: ‚ñ∏ npm warn EBADENGINE   current: { node: 'v20.19.3', npm: '10.8.2' }
[23:40:39]: ‚ñ∏ npm warn EBADENGINE }
[23:40:39]: ‚ñ∏ npm warn EBADENGINE Unsupported engine {
[23:40:39]: ‚ñ∏ npm warn EBADENGINE   package: '@react-native/dev-middleware@0.81.5',
[23:40:39]: ‚ñ∏ npm warn EBADENGINE   required: { node: '>= 20.19.4' },
[23:40:39]: ‚ñ∏ npm warn EBADENGINE   current: { node: 'v20.19.3', npm: '10.8.2' }
[23:40:39]: ‚ñ∏ npm warn EBADENGINE }
[23:40:39]: ‚ñ∏ npm warn EBADENGINE Unsupported engine {
[23:40:39]: ‚ñ∏ npm warn EBADENGINE   package: 'metro@0.83.2',
[23:40:39]: ‚ñ∏ npm warn EBADENGINE   required: { node: '>=20.19.4' },
[23:40:39]: ‚ñ∏ npm warn EBADENGINE   current: { node: 'v20.19.3', npm: '10.8.2' }
[23:40:39]: ‚ñ∏ npm warn EBADENGINE }
[23:40:39]: ‚ñ∏ npm warn EBADENGINE Unsupported engine {
[23:40:39]: ‚ñ∏ npm warn EBADENGINE   package: 'metro-babel-transformer@0.83.2',
[23:40:39]: ‚ñ∏ npm warn EBADENGINE   required: { node: '>=20.19.4' },
[23:40:39]: ‚ñ∏ npm warn EBADENGINE   current: { node: 'v20.19.3', npm: '10.8.2' }
[23:40:39]: ‚ñ∏ npm warn EBADENGINE }
[23:40:39]: ‚ñ∏ npm warn EBADENGINE Unsupported engine {
[23:40:39]: ‚ñ∏ npm warn EBADENGINE   package: 'metro-cache@0.83.2',
[23:40:39]: ‚ñ∏ npm warn EBADENGINE   required: { node: '>=20.19.4' },
[23:40:39]: ‚ñ∏ npm warn EBADENGINE   current: { node: 'v20.19.3', npm: '10.8.2' }
[23:40:39]: ‚ñ∏ npm warn EBADENGINE }
[23:40:39]: ‚ñ∏ npm warn EBADENGINE Unsupported engine {
[23:40:39]: ‚ñ∏ npm warn EBADENGINE   package: 'metro-cache-key@0.83.2',
[23:40:39]: ‚ñ∏ npm warn EBADENGINE   required: { node: '>=20.19.4' },
[23:40:39]: ‚ñ∏ npm warn EBADENGINE   current: { node: 'v20.19.3', npm: '10.8.2' }
[23:40:39]: ‚ñ∏ npm warn EBADENGINE }
[23:40:39]: ‚ñ∏ npm warn EBADENGINE Unsupported engine {
[23:40:39]: ‚ñ∏ npm warn EBADENGINE   package: 'metro-config@0.83.2',
[23:40:39]: ‚ñ∏ npm warn EBADENGINE   required: { node: '>=20.19.4' },
[23:40:39]: ‚ñ∏ npm warn EBADENGINE   current: { node: 'v20.19.3', npm: '10.8.2' }
[23:40:39]: ‚ñ∏ npm warn EBADENGINE }
[23:40:39]: ‚ñ∏ npm warn EBADENGINE Unsupported engine {
[23:40:39]: ‚ñ∏ npm warn EBADENGINE   package: 'metro-core@0.83.2',
[23:40:39]: ‚ñ∏ npm warn EBADENGINE   required: { node: '>=20.19.4' },
[23:40:39]: ‚ñ∏ npm warn EBADENGINE   current: { node: 'v20.19.3', npm: '10.8.2' }
[23:40:39]: ‚ñ∏ npm warn EBADENGINE }
[23:40:39]: ‚ñ∏ npm warn EBADENGINE Unsupported engine {
[23:40:39]: ‚ñ∏ npm warn EBADENGINE   package: 'metro-file-map@0.83.2',
[23:40:39]: ‚ñ∏ npm warn EBADENGINE   required: { node: '>=20.19.4' },
[23:40:39]: ‚ñ∏ npm warn EBADENGINE   current: { node: 'v20.19.3', npm: '10.8.2' }
[23:40:39]: ‚ñ∏ npm warn EBADENGINE }
[23:40:39]: ‚ñ∏ npm warn EBADENGINE Unsupported engine {
[23:40:39]: ‚ñ∏ npm warn EBADENGINE   package: 'metro-minify-terser@0.83.2',
[23:40:39]: ‚ñ∏ npm warn EBADENGINE   required: { node: '>=20.19.4' },
[23:40:39]: ‚ñ∏ npm warn EBADENGINE   current: { node: 'v20.19.3', npm: '10.8.2' }
[23:40:39]: ‚ñ∏ npm warn EBADENGINE }
[23:40:39]: ‚ñ∏ npm warn EBADENGINE Unsupported engine {
[23:40:39]: ‚ñ∏ npm warn EBADENGINE   package: 'metro-resolver@0.83.2',
[23:40:39]: ‚ñ∏ npm warn EBADENGINE   required: { node: '>=20.19.4' },
[23:40:39]: ‚ñ∏ npm warn EBADENGINE   current: { node: 'v20.19.3', npm: '10.8.2' }
[23:40:39]: ‚ñ∏ npm warn EBADENGINE }
[23:40:39]: ‚ñ∏ npm warn EBADENGINE Unsupported engine {
[23:40:39]: ‚ñ∏ npm warn EBADENGINE   package: 'metro-runtime@0.83.2',
[23:40:39]: ‚ñ∏ npm warn EBADENGINE   required: { node: '>=20.19.4' },
[23:40:39]: ‚ñ∏ npm warn EBADENGINE   current: { node: 'v20.19.3', npm: '10.8.2' }
[23:40:39]: ‚ñ∏ npm warn EBADENGINE }
[23:40:39]: ‚ñ∏ npm warn EBADENGINE Unsupported engine {
[23:40:39]: ‚ñ∏ npm warn EBADENGINE   package: 'metro-source-map@0.83.2',
[23:40:39]: ‚ñ∏ npm warn EBADENGINE   required: { node: '>=20.19.4' },
[23:40:39]: ‚ñ∏ npm warn EBADENGINE   current: { node: 'v20.19.3', npm: '10.8.2' }
[23:40:39]: ‚ñ∏ npm warn EBADENGINE }
[23:40:39]: ‚ñ∏ npm warn EBADENGINE Unsupported engine {
[23:40:39]: ‚ñ∏ npm warn EBADENGINE   package: 'metro-symbolicate@0.83.2',
[23:40:39]: ‚ñ∏ npm warn EBADENGINE   required: { node: '>=20.19.4' },
[23:40:39]: ‚ñ∏ npm warn EBADENGINE   current: { node: 'v20.19.3', npm: '10.8.2' }
[23:40:39]: ‚ñ∏ npm warn EBADENGINE }
[23:40:39]: ‚ñ∏ npm warn EBADENGINE Unsupported engine {
[23:40:39]: ‚ñ∏ npm warn EBADENGINE   package: 'metro-transform-plugins@0.83.2',
[23:40:39]: ‚ñ∏ npm warn EBADENGINE   required: { node: '>=20.19.4' },
[23:40:39]: ‚ñ∏ npm warn EBADENGINE   current: { node: 'v20.19.3', npm: '10.8.2' }
[23:40:39]: ‚ñ∏ npm warn EBADENGINE }
[23:40:39]: ‚ñ∏ npm warn EBADENGINE Unsupported engine {
[23:40:39]: ‚ñ∏ npm warn EBADENGINE   package: 'metro-transform-worker@0.83.2',
[23:40:39]: ‚ñ∏ npm warn EBADENGINE   required: { node: '>=20.19.4' },
[23:40:39]: ‚ñ∏ npm warn EBADENGINE   current: { node: 'v20.19.3', npm: '10.8.2' }
[23:40:39]: ‚ñ∏ npm warn EBADENGINE }
[23:40:39]: ‚ñ∏ npm warn EBADENGINE Unsupported engine {
[23:40:39]: ‚ñ∏ npm warn EBADENGINE   package: 'ob1@0.83.2',
[23:40:39]: ‚ñ∏ npm warn EBADENGINE   required: { node: '>=20.19.4' },
[23:40:39]: ‚ñ∏ npm warn EBADENGINE   current: { node: 'v20.19.3', npm: '10.8.2' }
[23:40:39]: ‚ñ∏ npm warn EBADENGINE }
[23:40:39]: ‚ñ∏ npm warn EBADENGINE Unsupported engine {
[23:40:39]: ‚ñ∏ npm warn EBADENGINE   package: '@react-native/babel-plugin-codegen@0.81.5',
[23:40:39]: ‚ñ∏ npm warn EBADENGINE   required: { node: '>= 20.19.4' },
[23:40:39]: ‚ñ∏ npm warn EBADENGINE   current: { node: 'v20.19.3', npm: '10.8.2' }
[23:40:39]: ‚ñ∏ npm warn EBADENGINE }
[23:40:39]: ‚ñ∏ npm warn EBADENGINE Unsupported engine {
[23:40:39]: ‚ñ∏ npm warn EBADENGINE   package: '@react-native/babel-preset@0.81.5',
[23:40:39]: ‚ñ∏ npm warn EBADENGINE   required: { node: '>= 20.19.4' },
[23:40:39]: ‚ñ∏ npm warn EBADENGINE   current: { node: 'v20.19.3', npm: '10.8.2' }
[23:40:39]: ‚ñ∏ npm warn EBADENGINE }
[23:40:39]: ‚ñ∏ npm warn EBADENGINE Unsupported engine {
[23:40:39]: ‚ñ∏ npm warn EBADENGINE   package: '@react-native/codegen@0.81.5',
[23:40:39]: ‚ñ∏ npm warn EBADENGINE   required: { node: '>= 20.19.4' },
[23:40:39]: ‚ñ∏ npm warn EBADENGINE   current: { node: 'v20.19.3', npm: '10.8.2' }
[23:40:39]: ‚ñ∏ npm warn EBADENGINE }
[23:40:40]: ‚ñ∏ npm warn deprecated inflight@1.0.6: This module is not supported, and leaks memory. Do not use it. Check out lru-cache if you want a good and tested way to coalesce async requests by a key value, which is much more comprehensive and powerful.
[23:40:41]: ‚ñ∏ npm warn deprecated rimraf@3.0.2: Rimraf versions prior to v4 are no longer supported
[23:40:41]: ‚ñ∏ npm warn deprecated glob@7.2.3: Glob versions prior to v9 are no longer supported
[23:40:41]: ‚ñ∏ npm warn deprecated uuid@3.4.0: Please upgrade  to version 7 or higher.  Older versions may use Math.random() in certain circumstances, which is known to be problematic.  See https://v8.dev/blog/math-random for details.
[23:40:42]: ‚ñ∏ npm warn deprecated node-domexception@1.0.0: Use your platform's native DOMException instead
[23:40:45]: ‚ñ∏ npm warn deprecated @esbuild-kit/esm-loader@2.6.5: Merged into tsx: https://tsx.is
[23:40:45]: ‚ñ∏ npm warn deprecated @esbuild-kit/core-utils@3.3.2: Merged into tsx: https://tsx.is
[23:40:45]: ‚ñ∏ npm warn deprecated @babel/plugin-proposal-nullish-coalescing-operator@7.18.6: This proposal has been merged to the ECMAScript standard and thus this plugin is no longer maintained. Please use @babel/plugin-transform-nullish-coalescing-operator instead.
[23:40:45]: ‚ñ∏ npm warn deprecated @babel/plugin-proposal-optional-chaining@7.21.0: This proposal has been merged to the ECMAScript standard and thus this plugin is no longer maintained. Please use @babel/plugin-transform-optional-chaining instead.
[23:40:45]: ‚ñ∏ npm warn deprecated @babel/plugin-proposal-class-properties@7.18.6: This proposal has been merged to the ECMAScript standard and thus this plugin is no longer maintained. Please use @babel/plugin-transform-class-properties instead.
[23:40:45]: ‚ñ∏ npm warn deprecated rimraf@2.6.3: Rimraf versions prior to v4 are no longer supported
[23:41:04]: ‚ñ∏ added 1517 packages, and audited 1518 packages in 26s
[23:41:04]: ‚ñ∏ 151 packages are looking for funding
[23:41:04]: ‚ñ∏ run `npm fund` for details
[23:41:04]: ‚ñ∏ 5 moderate severity vulnerabilities
[23:41:04]: ‚ñ∏ To address all issues (including breaking changes), run:
[23:41:04]: ‚ñ∏ npm audit fix --force
[23:41:04]: ‚ñ∏ Run `npm audit` for details.
[23:41:04]: -------------------------------------
[23:41:04]: --- Step: create_capacitor_config ---
[23:41:04]: -------------------------------------
[23:41:04]: -------------------------
[23:41:04]: --- Step: get_web_dir ---
[23:41:04]: -------------------------
[23:41:04]: webDir is `dist/public`
[23:41:04]: -----------------------------------
[23:41:04]: --- Step: modify_cap_web_config ---
[23:41:04]: -----------------------------------
[23:41:04]: No custom native config detected.
[23:41:04]: ---------------------------
[23:41:04]: --- Step: build_pro_app ---
[23:41:04]: ---------------------------
[23:41:04]: Building app from /Users/ionic-cloud-team/builds/blakelystaton-ui/krittics-app
[23:41:04]: Build script detected...
[23:41:04]: $ npm run build
[23:41:04]: ‚ñ∏ > rest-express@1.0.0 prebuild
[23:41:04]: ‚ñ∏ > python3 fix_bundle_id.py
[23:41:04]: ‚ñ∏ Starting Xcode project file patching...
[23:41:04]: ‚ñ∏ -> Updated PRODUCT_BUNDLE_IDENTIFIER to com.blakely.krittics
[23:41:04]: ‚ñ∏ -> Enforced PROVISIONING_PROFILE_SPECIFIER to Krittics App Store Profile for Release build.
[23:41:04]: ‚ñ∏ Successfully patched Xcode project file. Ready for build.
[23:41:04]: ‚ñ∏ > rest-express@1.0.0 build
[23:41:04]: ‚ñ∏ > vite build && esbuild server/index.ts --platform=node --packages=external --bundle --format=esm --outdir=dist
[23:41:05]: ‚ñ∏ vite v5.4.21 building for production...
[23:41:05]: ‚ñ∏ transforming...
[23:41:05]: ‚ñ∏ warn - The class `duration-[2500ms]` is ambiguous and matches multiple utilities.
[23:41:05]: ‚ñ∏ warn - If this is content and not a class, replace it with `duration-&lsqb;2500ms&rsqb;` to silence this warning.
[23:41:05]: ‚ñ∏ A PostCSS plugin did not pass the `from` option to `postcss.parse`. This may cause imported assets to be incorrectly transformed. If you've recently added a PostCSS plugin that raised this warning, please contact the package author to fix the issue.
[23:41:08]: ‚ñ∏ ‚úì 1846 modules transformed.
[23:41:08]: ‚ñ∏ rendering chunks...
[23:41:08]: ‚ñ∏ computing gzip size...
[23:41:08]: ‚ñ∏ ../dist/public/index.html                              1.50 kB ‚îÇ gzip:   0.78 kB
[23:41:08]: ‚ñ∏ ../dist/public/assets/index-DbdKeedX.css             149.03 kB ‚îÇ gzip:  29.26 kB
[23:41:08]: ‚ñ∏ ../dist/public/assets/adsenseKeywords-CYNx3xIc.js      1.29 kB ‚îÇ gzip:   0.69 kB
[23:41:08]: ‚ñ∏ ../dist/public/assets/index-CEc2Vb9w.js            1,628.14 kB ‚îÇ gzip: 464.33 kB
[23:41:08]: ‚ñ∏ 
[23:41:08]: ‚ñ∏ (!) Some chunks are larger than 500 kB after minification. Consider:
[23:41:08]: ‚ñ∏ - Using dynamic import() to code-split the application
[23:41:08]: ‚ñ∏ - Use build.rollupOptions.output.manualChunks to improve chunking: https://rollupjs.org/configuration-options/#output-manualchunks
[23:41:08]: ‚ñ∏ - Adjust chunk size limit for this warning via build.chunkSizeWarningLimit.
[23:41:08]: ‚ñ∏ ‚úì built in 3.52s
[23:41:08]: ‚ñ∏ dist/index.js  91.5kb
[23:41:08]: ‚ñ∏ ‚ö° Done in 10ms
[23:41:08]: $ ionic info
[23:41:09]: ‚ñ∏ [WARN] Error loading @ionic/angular package.json: Error: Cannot find module '@ionic/angular/package.json'
[23:41:09]: ‚ñ∏ Require stack:
[23:41:09]: ‚ñ∏ - /Users/ionic-cloud-team/.nvm/versions/node/v20.19.3/lib/node_modules/@ionic/cli/lib/project/index.js
[23:41:09]: ‚ñ∏ - /Users/ionic-cloud-team/.nvm/versions/node/v20.19.3/lib/node_modules/@ionic/cli/lib/index.js
[23:41:09]: ‚ñ∏ - /Users/ionic-cloud-team/.nvm/versions/node/v20.19.3/lib/node_modules/@ionic/cli/index.js
[23:41:09]: ‚ñ∏ - /Users/ionic-cloud-team/.nvm/versions/node/v20.19.3/lib/node_modules/@ionic/cli/bin/ionic
[23:41:09]: ‚ñ∏ [WARN] Error loading @ionic/angular-toolkit package.json: Error: Cannot find module '@ionic/angular-toolkit/package.json'
[23:41:09]: ‚ñ∏ Require stack:
[23:41:09]: ‚ñ∏ - /Users/ionic-cloud-team/.nvm/versions/node/v20.19.3/lib/node_modules/@ionic/cli/lib/project/index.js
[23:41:09]: ‚ñ∏ - /Users/ionic-cloud-team/.nvm/versions/node/v20.19.3/lib/node_modules/@ionic/cli/lib/index.js
[23:41:09]: ‚ñ∏ - /Users/ionic-cloud-team/.nvm/versions/node/v20.19.3/lib/node_modules/@ionic/cli/index.js
[23:41:09]: ‚ñ∏ - /Users/ionic-cloud-team/.nvm/versions/node/v20.19.3/lib/node_modules/@ionic/cli/bin/ionic
[23:41:09]: ‚ñ∏ [WARN] Error loading @angular/cli package.json: Error: Cannot find module '@angular/cli/package.json'
[23:41:09]: ‚ñ∏ Require stack:
[23:41:09]: ‚ñ∏ - /Users/ionic-cloud-team/.nvm/versions/node/v20.19.3/lib/node_modules/@ionic/cli/lib/project/index.js
[23:41:09]: ‚ñ∏ - /Users/ionic-cloud-team/.nvm/versions/node/v20.19.3/lib/node_modules/@ionic/cli/lib/index.js
[23:41:09]: ‚ñ∏ - /Users/ionic-cloud-team/.nvm/versions/node/v20.19.3/lib/node_modules/@ionic/cli/index.js
[23:41:09]: ‚ñ∏ - /Users/ionic-cloud-team/.nvm/versions/node/v20.19.3/lib/node_modules/@ionic/cli/bin/ionic
[23:41:09]: ‚ñ∏ [WARN] Error loading @angular-devkit/build-angular package.json: Error: Cannot find module '@angular-devkit/build-angular/package.json'
[23:41:09]: ‚ñ∏ Require stack:
[23:41:09]: ‚ñ∏ - /Users/ionic-cloud-team/.nvm/versions/node/v20.19.3/lib/node_modules/@ionic/cli/lib/project/index.js
[23:41:09]: ‚ñ∏ - /Users/ionic-cloud-team/.nvm/versions/node/v20.19.3/lib/node_modules/@ionic/cli/lib/index.js
[23:41:09]: ‚ñ∏ - /Users/ionic-cloud-team/.nvm/versions/node/v20.19.3/lib/node_modules/@ionic/cli/index.js
[23:41:09]: ‚ñ∏ - /Users/ionic-cloud-team/.nvm/versions/node/v20.19.3/lib/node_modules/@ionic/cli/bin/ionic
[23:41:09]: ‚ñ∏ Ionic:
[23:41:09]: ‚ñ∏ Ionic CLI                     : 7.2.1 (/Users/ionic-cloud-team/.nvm/versions/node/v20.19.3/lib/node_modules/@ionic/cli)
[23:41:09]: ‚ñ∏ Ionic Framework               : not installed
[23:41:09]: ‚ñ∏ @angular-devkit/build-angular : not installed
[23:41:09]: ‚ñ∏ @angular-devkit/schematics    : 20.3.11
[23:41:09]: ‚ñ∏ @angular/cli                  : not installed
[23:41:09]: ‚ñ∏ @ionic/angular-toolkit        : not installed
[23:41:09]: ‚ñ∏ Capacitor:
[23:41:09]: ‚ñ∏ Capacitor CLI      : 7.4.4
[23:41:09]: ‚ñ∏ @capacitor/android : 7.4.4
[23:41:09]: ‚ñ∏ @capacitor/core    : 7.4.4
[23:41:09]: ‚ñ∏ @capacitor/ios     : 7.4.4
[23:41:09]: ‚ñ∏ Utility:
[23:41:09]: ‚ñ∏ cordova-res : 0.15.4
[23:41:09]: ‚ñ∏ native-run  : 2.0.1
[23:41:09]: ‚ñ∏ System:
[23:41:09]: ‚ñ∏ NodeJS : v20.19.3 (/Users/ionic-cloud-team/.nvm/versions/node/v20.19.3/bin/node)
[23:41:09]: ‚ñ∏ npm    : 10.8.2
[23:41:09]: ‚ñ∏ OS     : macOS Unknown
[23:41:09]: Generating app manifest...
[23:41:10]: -------------------------------------
[23:41:10]: --- Step: get_xcode_project_paths ---
[23:41:10]: -------------------------------------
[23:41:10]: -------------------------------
[23:41:10]: --- Step: modify_ios_config ---
[23:41:10]: -------------------------------
[23:41:10]: No custom native config detected.
[23:41:10]: -------------------------------
[23:41:10]: --- Step: install_cocoapods ---
[23:41:10]: -------------------------------
[23:41:10]: ----------------------
[23:41:10]: --- Step: cap_sync ---
[23:41:10]: ----------------------
[23:41:10]: $ npx cap sync ios
[23:41:11]: ‚ñ∏ ‚úî Copying web assets from public to ios/App/App/public in 8.58ms
[23:41:11]: ‚ñ∏ ‚úî Creating capacitor.config.json in ios/App/App in 668.88Œºs
[23:41:11]: ‚ñ∏ ‚úî copy ios in 49.21ms
[23:41:11]: ‚ñ∏ ‚úî Updating iOS plugins in 8.07ms
[23:41:14]: ‚ñ∏ ‚úî Updating iOS native dependencies with pod install in 3.68s
[23:41:14]: ‚ñ∏ [info] Found 2 Capacitor plugins for ios:
[23:41:14]: ‚ñ∏ @capacitor-community/speech-recognition@7.0.1
[23:41:14]: ‚ñ∏ @capacitor/keyboard@7.0.3
[23:41:14]: ‚ñ∏ ‚úî update ios in 3.74s
[23:41:14]: ‚ñ∏ [info] Sync finished in 4.026s
[23:41:14]: -------------------------------
[23:41:14]: --- Step: cap_custom_deploy ---
[23:41:14]: -------------------------------
[23:41:14]: No custom native config detected.
[23:41:14]: ------------------------------------------
[23:41:14]: --- Step: update_code_signing_settings ---
[23:41:14]: ------------------------------------------

+------------------------------------------------------------------------------------------------------------+
|                                     Summary for code signing settings                                      |
+-----------------------+------------------------------------------------------------------------------------+
| path                  | /Users/ionic-cloud-team/builds/blakelystaton-ui/krittics-app/ios/App/App.xcodeproj |
| use_automatic_signing | false                                                                              |
| team_id               | 9SA2W557K5                                                                         |
| code_sign_identity    | Apple Distribution: Staton Blakely (9SA2W557K5)                                    |
+-----------------------+------------------------------------------------------------------------------------+

[23:41:15]: Updating the Automatic Codesigning flag to disabled for the given project '/Users/ionic-cloud-team/builds/blakelystaton-ui/krittics-app/ios/App/App.xcodeproj/project.pbxproj'
[23:41:15]: Set Team id to: 9SA2W557K5 for target: App for build configuration: Debug
[23:41:15]: Set Code Sign identity to: Apple Distribution: Staton Blakely (9SA2W557K5) for target: App for build configuration: Debug
[23:41:15]: Set Team id to: 9SA2W557K5 for target: App for build configuration: Release
[23:41:15]: Set Code Sign identity to: Apple Distribution: Staton Blakely (9SA2W557K5) for target: App for build configuration: Release
[23:41:15]: Successfully updated project settings to use Code Sign Style = 'Manual'
[23:41:15]: Modified Targets:
[23:41:15]: 	 * App
[23:41:15]: Modified Build Configurations:
[23:41:15]: 	 * Debug
[23:41:15]: 	 * Release
[23:41:15]: ------------------------------------------
[23:41:15]: --- Step: update_provisioning_profiles ---
[23:41:15]: ------------------------------------------
[23:41:15]: ---------------------------
[23:41:15]: --- Step: build_ios_app ---
[23:41:15]: ---------------------------
[23:41:15]: Resolving Swift Package Manager dependencies...
[23:41:15]: $ xcodebuild -resolvePackageDependencies -workspace /Users/ionic-cloud-team/builds/blakelystaton-ui/krittics-app/ios/App/App.xcworkspace -scheme App
[23:41:15]: ‚ñ∏ Command line invocation:
[23:41:15]: ‚ñ∏     /Applications/Xcode.app/Contents/Developer/usr/bin/xcodebuild -resolvePackageDependencies -workspace /Users/ionic-cloud-team/builds/blakelystaton-ui/krittics-app/ios/App/App.xcworkspace -scheme App
[23:41:15]: ‚ñ∏ resolved source packages: 
[23:41:15]: $ xcodebuild -showBuildSettings -workspace /Users/ionic-cloud-team/builds/blakelystaton-ui/krittics-app/ios/App/App.xcworkspace -scheme App 2>&1
[23:41:16]: Detected provisioning profile mapping: {"com.blakely.krittics": "Krittics App Store Profile"}

+-------------------------------------------------------------------------------------------------------------------------------------------------+
|                                                             Summary for gym 2.228.0                                                             |
+----------------------------------------------------------+--------------------------------------------------------------------------------------+
| workspace                                                | /Users/ionic-cloud-team/builds/blakelystaton-ui/krittics-app/ios/App/App.xcworkspace |
| output_directory                                         | /Users/ionic-cloud-team/builds/blakelystaton-ui/krittics-app                         |
| output_name                                              | 4f25641f-2cb8-4a32-b0f6-04e9fd8cef11-app-store                                       |
| archive_path                                             | 4f25641f-2cb8-4a32-b0f6-04e9fd8cef11-app-store.xcarchive                             |
| scheme                                                   | App                                                                                  |
| codesigning_identity                                     | Apple Distribution: Staton Blakely (9SA2W557K5)                                      |
| export_team_id                                           | 9SA2W557K5                                                                           |
| catalyst_platform                                        | ios                                                                                  |
| export_options.provisioningProfiles.com.blakely.krittics | Krittics App Store Profile                                                           |
| clean                                                    | false                                                                                |
| silent                                                   | false                                                                                |
| skip_package_ipa                                         | false                                                                                |
| export_method                                            | app-store                                                                            |
| build_path                                               | /Users/ionic-cloud-team/Library/Developer/Xcode/Archives/2025-11-23                  |
| result_bundle                                            | false                                                                                |
| buildlog_path                                            | ~/Library/Logs/gym                                                                   |
| destination                                              | generic/platform=iOS                                                                 |
| xcodebuild_formatter                                     | xcbeautify                                                                           |
| build_timing_summary                                     | false                                                                                |
| skip_profile_detection                                   | false                                                                                |
| xcodebuild_command                                       | xcodebuild                                                                           |
| skip_package_dependencies_resolution                     | false                                                                                |
| disable_package_automatic_updates                        | false                                                                                |
| use_system_scm                                           | false                                                                                |
| skip_package_pkg                                         | false                                                                                |
| xcode_path                                               | /Applications/Xcode.app                                                              |
+----------------------------------------------------------+--------------------------------------------------------------------------------------+

[23:41:16]: $ set -o pipefail && xcodebuild -workspace /Users/ionic-cloud-team/builds/blakelystaton-ui/krittics-app/ios/App/App.xcworkspace -scheme App -destination 'generic/platform=iOS' -archivePath 4f25641f-2cb8-4a32-b0f6-04e9fd8cef11-app-store.xcarchive archive CODE_SIGN_IDENTITY=Apple\ Distribution:\ Staton\ Blakely\ \(9SA2W557K5\) | tee /Users/ionic-cloud-team/Library/Logs/gym/App-App.log | xcbeautify
[23:41:16]: ‚ñ∏ ----- xcbeautify -----
[23:41:16]: ‚ñ∏ Version: 2.28.0
[23:41:16]: ‚ñ∏ ----------------------
[23:41:17]: ‚ñ∏ note: Using codesigning identity override: Apple Distribution: Staton Blakely (9SA2W557K5)
[23:41:17]: ‚ñ∏ note: Building targets in dependency order
[23:41:17]: ‚ñ∏ note: Target dependency graph (6 targets)
[23:41:20]: ‚ñ∏ note: Disabling previews because SWIFT_VERSION is set and SWIFT_OPTIMIZATION_LEVEL=-O, expected -Onone (in target 'CapacitorCordova' from project 'Pods')
[23:41:20]: ‚ñ∏ note: Disabling previews because SWIFT_VERSION is set and SWIFT_OPTIMIZATION_LEVEL=-O, expected -Onone (in target 'CapacitorKeyboard' from project 'Pods')
[23:41:20]: ‚ñ∏ note: Disabling previews because SWIFT_VERSION is set and SWIFT_OPTIMIZATION_LEVEL=-O, expected -Onone (in target 'CapacitorCommunitySpeechRecognition' from project 'Pods')
[23:41:20]: ‚ñ∏ note: Disabling previews because SWIFT_VERSION is set and SWIFT_OPTIMIZATION_LEVEL=-O, expected -Onone (in target 'Pods-App' from project 'Pods')
[23:41:20]: ‚ñ∏ ‚ùå /Users/ionic-cloud-team/builds/blakelystaton-ui/krittics-app/ios/App/App.xcodeproj: error: "App" requires a provisioning profile. Select a provisioning profile in the Signing & Capabilities editor. (in target 'App' from project 'App')
[23:41:20]: ‚ñ∏ note: Disabling previews because SWIFT_VERSION is set and SWIFT_OPTIMIZATION_LEVEL=-O, expected -Onone (in target 'App' from project 'App')
[23:41:20]: ‚ñ∏ ‚ö†Ô∏è Run script build phase '[CP] Embed Pods Frameworks' will be run during every build because it does not specify any outputs. To address this issue, either add output dependencies to the script phase, or configure it to run in every build by unchecking "Based on dependency analysis" in the script phase. (in target 'App' from project 'App')
[23:41:20]: ‚ñ∏ note: Disabling previews because SWIFT_VERSION is set and SWIFT_OPTIMIZATION_LEVEL=-O, expected -Onone (in target 'Capacitor' from project 'Pods')
[23:41:20]: ‚ñ∏ ** ARCHIVE FAILED **
[23:41:20]: ‚ñ∏ The following build commands failed:
[23:41:20]: ‚ñ∏ 	Archiving workspace App with scheme App
[23:41:20]: ‚ñ∏ (1 failure)
[23:41:20]: Exit status: 65

+-----------------------------------------+
|            Build environment            |
+---------------+-------------------------+
| xcode_path    | /Applications/Xcode.app |
| gym_version   | 2.228.0                 |
| export_method | app-store               |
| sdk           | iPhoneOS18.5.sdk        |
+---------------+-------------------------+

[23:41:20]: ‚ñ∏ note: Disabling previews because SWIFT_VERSION is set and SWIFT_OPTIMIZATION_LEVEL=-O, expected -Onone (in target 'Pods-App' from project 'Pods')
[23:41:20]: ‚ñ∏ /Users/ionic-cloud-team/builds/blakelystaton-ui/krittics-app/ios/App/App.xcodeproj: error: "App" requires a provisioning profile. Select a provisioning profile in the Signing & Capabilities editor. (in target 'App' from project 'App')
[23:41:20]: ‚ñ∏ note: Disabling previews because SWIFT_VERSION is set and SWIFT_OPTIMIZATION_LEVEL=-O, expected -Onone (in target 'App' from project 'App')
[23:41:20]: ‚ñ∏ warning: Run script build phase '[CP] Embed Pods Frameworks' will be run during every build because it does not specify any outputs. To address this issue, either add output dependencies to the script phase, or configure it to run in every build by unchecking "Based on dependency analysis" in the script phase. (in target 'App' from project 'App')
[23:41:20]: ‚ñ∏ note: Disabling previews because SWIFT_VERSION is set and SWIFT_OPTIMIZATION_LEVEL=-O, expected -Onone (in target 'Capacitor' from project 'Pods')
[23:41:20]: 
[23:41:20]: ‚¨ÜÔ∏è  Check out the few lines of raw `xcodebuild` output above for potential hints on how to solve this error
[23:41:20]: üìã  For the complete and more detailed error log, check the full log at:
[23:41:20]: üìã  /Users/ionic-cloud-team/Library/Logs/gym/App-App.log
[23:41:20]: 
[23:41:20]: Looks like fastlane ran into a build/archive error with your project
[23:41:20]: It's hard to tell what's causing the error, so we wrote some guides on how
[23:41:20]: to troubleshoot build and signing issues: https://docs.fastlane.tools/codesigning/getting-started/
[23:41:20]: Before submitting an issue on GitHub, please follow the guide above and make
[23:41:20]: sure your project is set up correctly.
[23:41:20]: fastlane uses `xcodebuild` commands to generate your binary, you can see the
[23:41:20]: the full commands printed out in yellow in the above log.
[23:41:20]: Make sure to inspect the output above, as usually you'll find more error information there
[23:41:20]: 
[23:41:20]: -------------------------
[23:41:20]: --- Step: upload_logs ---
[23:41:20]: -------------------------
[23:41:27]: --------------------------------------
[23:41:27]: --- Step: sentry_capture_exception ---
[23:41:27]: --------------------------------------
[23:41:29]: ---------------------------
[23:41:29]: --- Step: shell command ---
[23:41:29]: ---------------------------
[23:41:29]: -----------------------------
[23:41:29]: --- Step: delete_keychain ---
[23:41:29]: -----------------------------
[23:41:29]: Error building the application - see the log above
+-------------------------------------------------------------------------------------------------------------------------------------------------------------+
|                                                                        Lane Context                                                                         |
+-------------------------------------+-----------------------------------------------------------------------------------------------------------------------+
| DEFAULT_PLATFORM                    | ios                                                                                                                   |
| PLATFORM_NAME                       | ios                                                                                                                   |
| LANE_NAME                           | ios build_capacitor                                                                                                   |
| KEYCHAIN_PATH                       | ~/Library/Keychains/IonicKeychain                                                                                     |
| DOWNLOAD_CERTS_PROVISION_FILE_UUID  | ed996f30-63b0-4adf-a445-f6a5f985b9f0                                                                                  |
| DOWNLOAD_CERTS_CODESIGNING_IDENTITY | Apple Distribution: Staton Blakely (9SA2W557K5)                                                                       |
| DOWNLOAD_CERTS_TEAM_ID              | 9SA2W557K5                                                                                                            |
| DOWNLOAD_CERTS_CERT_PATH            | /Users/ionic-cloud-team/builds/blakelystaton-ui/krittics-app/cert_file.p12                                            |
| SIGH_PROFILE_PATHS                  | ["/Users/ionic-cloud-team/builds/blakelystaton-ui/krittics-app/ed996f30-63b0-4adf-a445-f6a5f985b9f0.mobileprovision"] |
| IONIC_CLI_VERSION                   | 7.2.1                                                                                                                 |
| NODE_PACKAGE_MANAGER                | npm                                                                                                                   |
| PROJECT_WEB_DIR                     | dist/public                                                                                                           |
| XCODE_PROJECT_NAME                  | App                                                                                                                   |
| XCODE_PROJECT_PATH                  | /Users/ionic-cloud-team/builds/blakelystaton-ui/krittics-app/ios/App/App.xcodeproj                                    |
| XCODE_WORKSPACE_PATH                | /Users/ionic-cloud-team/builds/blakelystaton-ui/krittics-app/ios/App/App.xcworkspace                                  |
+-------------------------------------+-----------------------------------------------------------------------------------------------------------------------+
[23:41:29]: Error building the application - see the log above


[!] Error building the application - see the log above
+---------------------------------------------------+
|                 fastlane summary                  |
+------+------------------------------+-------------+
| Step | Action                       | Time (in s) |
+------+------------------------------+-------------+
| 1    | add_extra_platforms          | 0           |
| 2    | default_platform             | 0           |
| 3    | prepare_environment          | 0           |
| 4    | sentry_init                  | 0           |
| 5    | begin_building               | 0           |
| 6    | build_summary                | 2           |
| 7    | create_keychain              | 0           |
| 8    | get_ios_credentials_from_api | 0           |
| 9    | set_ios_credentials          | 2           |
| 10   | import_certificate           | 0           |
| 11   | set_ionic_cli                | 0           |
| 12   | detect_package_manager       | 0           |
| 13   | add_git_credentials          | 0           |
| 14   | get_appflow_config           | 0           |
| 15   | dependency_install           | 25          |
| 16   | create_capacitor_config      | 0           |
| 17   | get_web_dir                  | 0           |
| 18   | modify_cap_web_config        | 0           |
| 19   | build_pro_app                | 5           |
| 20   | get_xcode_project_paths      | 0           |
| 21   | modify_ios_config            | 0           |
| 22   | install_cocoapods            | 0           |
| 23   | cap_sync                     | 4           |
| 24   | cap_custom_deploy            | 0           |
| 25   | update_code_signing_settings | 0           |
| 26   | update_provisioning_profiles | 0           |
| üí•   | build_ios_app                | 5           |
| 28   | upload_logs                  | 6           |
| 29   | sentry_capture_exception     | 2           |
| 30   | shell command                | 0           |
| 31   | delete_keychain              | 0           |
+------+------------------------------+-------------+

[23:41:29]: fastlane finished with errors
Running after_script
Running after script...
$ clean-up
Cleaning up project directory and file based variables
Terminating VM: build_stack_2025.06_arm64-1763941193582014000 (b7a86c60-6ee7-40ec-a72e-9348a9e88d08) | Controller Instance ID: a51875b9-9375-4d21-74d6-46b0841b9aa7 | Host: 10.2.187.206
ERROR: Job failed: Process exited with status 1
